[2025-02-18T16:49:06.635+0000] {manager.py:483} INFO - Processing files using up to 1 processes at a time 
[2025-02-18T16:49:06.635+0000] {manager.py:484} INFO - Process each file at most once every 30 seconds
[2025-02-18T16:49:06.636+0000] {manager.py:485} INFO - Checking for new files in /opt/airflow/dags every 300 seconds
[2025-02-18T16:49:06.636+0000] {manager.py:821} INFO - Searching for files in /opt/airflow/dags
[2025-02-18T16:49:06.637+0000] {manager.py:824} INFO - There are 0 files in /opt/airflow/dags
[2025-02-18T16:54:06.932+0000] {manager.py:821} INFO - Searching for files in /opt/airflow/dags
[2025-02-18T16:54:06.943+0000] {manager.py:824} INFO - There are 1 files in /opt/airflow/dags
[2025-02-18T16:54:08.169+0000] {manager.py:997} INFO - 
================================================================================
DAG File Processing Stats

File Path                      PID    Runtime      # DAGs    # Errors  Last Runtime    Last Run               Last # of DB Queries
-----------------------------  -----  ---------  --------  ----------  --------------  -------------------  ----------------------
/opt/airflow/dags/test_dag.py                           1           0  0.40s           2025-02-18T16:54:07                      45
================================================================================
[2025-02-18T16:54:38.225+0000] {manager.py:997} INFO - 
================================================================================
DAG File Processing Stats

File Path                      PID    Runtime      # DAGs    # Errors  Last Runtime    Last Run               Last # of DB Queries
-----------------------------  -----  ---------  --------  ----------  --------------  -------------------  ----------------------
/opt/airflow/dags/test_dag.py                           1           0  0.20s           2025-02-18T16:54:38                      12
================================================================================
[2025-02-18T16:55:09.169+0000] {manager.py:997} INFO - 
================================================================================
DAG File Processing Stats

File Path                      PID    Runtime      # DAGs    # Errors  Last Runtime    Last Run               Last # of DB Queries
-----------------------------  -----  ---------  --------  ----------  --------------  -------------------  ----------------------
/opt/airflow/dags/test_dag.py                           1           0  0.20s           2025-02-18T16:55:09                      12
================================================================================
[2025-02-18T16:55:40.308+0000] {manager.py:997} INFO - 
================================================================================
DAG File Processing Stats

File Path                      PID    Runtime      # DAGs    # Errors  Last Runtime    Last Run               Last # of DB Queries
-----------------------------  -----  ---------  --------  ----------  --------------  -------------------  ----------------------
/opt/airflow/dags/test_dag.py                           1           0  0.20s           2025-02-18T16:55:40                      12
================================================================================
[2025-02-18T16:56:11.544+0000] {manager.py:997} INFO - 
================================================================================
DAG File Processing Stats

File Path                      PID    Runtime      # DAGs    # Errors  Last Runtime    Last Run               Last # of DB Queries
-----------------------------  -----  ---------  --------  ----------  --------------  -------------------  ----------------------
/opt/airflow/dags/test_dag.py                           1           0  0.20s           2025-02-18T16:56:11                      12
================================================================================
[2025-02-18T16:56:42.755+0000] {manager.py:997} INFO - 
================================================================================
DAG File Processing Stats

File Path                      PID    Runtime      # DAGs    # Errors  Last Runtime    Last Run               Last # of DB Queries
-----------------------------  -----  ---------  --------  ----------  --------------  -------------------  ----------------------
/opt/airflow/dags/test_dag.py                           1           0  0.20s           2025-02-18T16:56:42                      12
================================================================================
[2025-02-18T16:57:13.187+0000] {manager.py:997} INFO - 
================================================================================
DAG File Processing Stats

File Path                      PID    Runtime      # DAGs    # Errors  Last Runtime    Last Run               Last # of DB Queries
-----------------------------  -----  ---------  --------  ----------  --------------  -------------------  ----------------------
/opt/airflow/dags/test_dag.py                           1           0  0.20s           2025-02-18T16:57:13                      12
================================================================================
[2025-02-18T16:57:43.621+0000] {manager.py:997} INFO - 
================================================================================
DAG File Processing Stats

File Path                      PID    Runtime      # DAGs    # Errors  Last Runtime    Last Run               Last # of DB Queries
-----------------------------  -----  ---------  --------  ----------  --------------  -------------------  ----------------------
/opt/airflow/dags/test_dag.py                           1           0  0.20s           2025-02-18T16:57:43                      12
================================================================================
[2025-02-18T16:58:14.055+0000] {manager.py:997} INFO - 
================================================================================
DAG File Processing Stats

File Path                      PID    Runtime      # DAGs    # Errors  Last Runtime    Last Run               Last # of DB Queries
-----------------------------  -----  ---------  --------  ----------  --------------  -------------------  ----------------------
/opt/airflow/dags/test_dag.py                           1           0  0.20s           2025-02-18T16:58:14                      12
================================================================================
[2025-02-18T16:58:46.477+0000] {manager.py:997} INFO - 
================================================================================
DAG File Processing Stats

File Path                      PID    Runtime      # DAGs    # Errors  Last Runtime    Last Run               Last # of DB Queries
-----------------------------  -----  ---------  --------  ----------  --------------  -------------------  ----------------------
/opt/airflow/dags/test_dag.py                           1           0  0.20s           2025-02-18T16:58:46                      12
================================================================================
[2025-02-18T16:59:07.999+0000] {manager.py:821} INFO - Searching for files in /opt/airflow/dags
[2025-02-18T16:59:08.016+0000] {manager.py:824} INFO - There are 1 files in /opt/airflow/dags
[2025-02-18T16:59:17.772+0000] {manager.py:997} INFO - 
================================================================================
DAG File Processing Stats

File Path                      PID    Runtime      # DAGs    # Errors  Last Runtime    Last Run               Last # of DB Queries
-----------------------------  -----  ---------  --------  ----------  --------------  -------------------  ----------------------
/opt/airflow/dags/test_dag.py                           1           0  0.20s           2025-02-18T16:59:10                      12
================================================================================
[2025-02-18T16:59:47.943+0000] {manager.py:997} INFO - 
================================================================================
DAG File Processing Stats

File Path                      PID    Runtime      # DAGs    # Errors  Last Runtime    Last Run               Last # of DB Queries
-----------------------------  -----  ---------  --------  ----------  --------------  -------------------  ----------------------
/opt/airflow/dags/test_dag.py                           1           0  0.20s           2025-02-18T16:59:41                      12
================================================================================
[2025-02-18T17:00:18.290+0000] {manager.py:997} INFO - 
================================================================================
DAG File Processing Stats

File Path                      PID    Runtime      # DAGs    # Errors  Last Runtime    Last Run               Last # of DB Queries
-----------------------------  -----  ---------  --------  ----------  --------------  -------------------  ----------------------
/opt/airflow/dags/test_dag.py                           1           0  0.20s           2025-02-18T17:00:15                      12
================================================================================
[2025-02-18T17:00:48.491+0000] {manager.py:997} INFO - 
================================================================================
DAG File Processing Stats

File Path                      PID    Runtime      # DAGs    # Errors  Last Runtime    Last Run               Last # of DB Queries
-----------------------------  -----  ---------  --------  ----------  --------------  -------------------  ----------------------
/opt/airflow/dags/test_dag.py                           1           0  0.20s           2025-02-18T17:00:45                      12
================================================================================
[2025-02-18T17:01:18.696+0000] {manager.py:997} INFO - 
================================================================================
DAG File Processing Stats

File Path                      PID    Runtime      # DAGs    # Errors  Last Runtime    Last Run               Last # of DB Queries
-----------------------------  -----  ---------  --------  ----------  --------------  -------------------  ----------------------
/opt/airflow/dags/test_dag.py                           1           0  0.20s           2025-02-18T17:01:16                      12
================================================================================
[2025-02-18T17:01:48.925+0000] {manager.py:997} INFO - 
================================================================================
DAG File Processing Stats

File Path                      PID    Runtime      # DAGs    # Errors  Last Runtime    Last Run               Last # of DB Queries
-----------------------------  -----  ---------  --------  ----------  --------------  -------------------  ----------------------
/opt/airflow/dags/test_dag.py                           1           0  0.20s           2025-02-18T17:01:47                      12
================================================================================
[2025-02-18T17:02:19.165+0000] {manager.py:997} INFO - 
================================================================================
DAG File Processing Stats

File Path                      PID    Runtime      # DAGs    # Errors  Last Runtime    Last Run               Last # of DB Queries
-----------------------------  -----  ---------  --------  ----------  --------------  -------------------  ----------------------
/opt/airflow/dags/test_dag.py                           1           0  0.20s           2025-02-18T17:02:17                      12
================================================================================
[2025-02-18T17:02:49.363+0000] {manager.py:997} INFO - 
================================================================================
DAG File Processing Stats

File Path                      PID    Runtime      # DAGs    # Errors  Last Runtime    Last Run               Last # of DB Queries
-----------------------------  -----  ---------  --------  ----------  --------------  -------------------  ----------------------
/opt/airflow/dags/test_dag.py                           1           0  0.20s           2025-02-18T17:02:48                      12
================================================================================
[2025-02-18T17:03:19.579+0000] {manager.py:997} INFO - 
================================================================================
DAG File Processing Stats

File Path                      PID    Runtime      # DAGs    # Errors  Last Runtime    Last Run               Last # of DB Queries
-----------------------------  -----  ---------  --------  ----------  --------------  -------------------  ----------------------
/opt/airflow/dags/test_dag.py                           1           0  0.20s           2025-02-18T17:03:18                      12
================================================================================
[2025-02-18T17:03:49.804+0000] {manager.py:997} INFO - 
================================================================================
DAG File Processing Stats

File Path                      PID    Runtime      # DAGs    # Errors  Last Runtime    Last Run               Last # of DB Queries
-----------------------------  -----  ---------  --------  ----------  --------------  -------------------  ----------------------
/opt/airflow/dags/test_dag.py                           1           0  0.20s           2025-02-18T17:03:49                      12
================================================================================
[2025-02-18T17:04:08.547+0000] {manager.py:821} INFO - Searching for files in /opt/airflow/dags
[2025-02-18T17:04:08.564+0000] {manager.py:824} INFO - There are 1 files in /opt/airflow/dags
[2025-02-18T17:04:20.021+0000] {manager.py:997} INFO - 
================================================================================
DAG File Processing Stats

File Path                      PID    Runtime      # DAGs    # Errors  Last Runtime    Last Run               Last # of DB Queries
-----------------------------  -----  ---------  --------  ----------  --------------  -------------------  ----------------------
/opt/airflow/dags/test_dag.py                           1           0  0.20s           2025-02-18T17:04:20                      12
================================================================================
[2025-02-18T17:04:50.453+0000] {manager.py:997} INFO - 
================================================================================
DAG File Processing Stats

File Path                      PID    Runtime      # DAGs    # Errors  Last Runtime    Last Run               Last # of DB Queries
-----------------------------  -----  ---------  --------  ----------  --------------  -------------------  ----------------------
/opt/airflow/dags/test_dag.py                           1           0  0.20s           2025-02-18T17:04:50                      12
================================================================================
[2025-02-18T17:05:20.896+0000] {manager.py:997} INFO - 
================================================================================
DAG File Processing Stats

File Path                      PID    Runtime      # DAGs    # Errors  Last Runtime    Last Run               Last # of DB Queries
-----------------------------  -----  ---------  --------  ----------  --------------  -------------------  ----------------------
/opt/airflow/dags/test_dag.py                           1           0  0.20s           2025-02-18T17:05:20                      12
================================================================================
[2025-02-18T17:05:51.269+0000] {manager.py:997} INFO - 
================================================================================
DAG File Processing Stats

File Path                      PID    Runtime      # DAGs    # Errors  Last Runtime    Last Run               Last # of DB Queries
-----------------------------  -----  ---------  --------  ----------  --------------  -------------------  ----------------------
/opt/airflow/dags/test_dag.py                           1           0  0.20s           2025-02-18T17:05:51                      12
================================================================================
[2025-02-18T17:06:21.704+0000] {manager.py:997} INFO - 
================================================================================
DAG File Processing Stats

File Path                      PID    Runtime      # DAGs    # Errors  Last Runtime    Last Run               Last # of DB Queries
-----------------------------  -----  ---------  --------  ----------  --------------  -------------------  ----------------------
/opt/airflow/dags/test_dag.py                           1           0  0.20s           2025-02-18T17:06:21                      12
================================================================================
[2025-02-18T17:06:52.142+0000] {manager.py:997} INFO - 
================================================================================
DAG File Processing Stats

File Path                      PID    Runtime      # DAGs    # Errors  Last Runtime    Last Run               Last # of DB Queries
-----------------------------  -----  ---------  --------  ----------  --------------  -------------------  ----------------------
/opt/airflow/dags/test_dag.py                           1           0  0.20s           2025-02-18T17:06:52                      12
================================================================================
[2025-02-18T17:07:22.576+0000] {manager.py:997} INFO - 
================================================================================
DAG File Processing Stats

File Path                      PID    Runtime      # DAGs    # Errors  Last Runtime    Last Run               Last # of DB Queries
-----------------------------  -----  ---------  --------  ----------  --------------  -------------------  ----------------------
/opt/airflow/dags/test_dag.py                           1           0  0.20s           2025-02-18T17:07:22                      12
================================================================================
[2025-02-18T17:07:52.879+0000] {manager.py:997} INFO - 
================================================================================
DAG File Processing Stats

File Path                      PID    Runtime      # DAGs    # Errors  Last Runtime    Last Run               Last # of DB Queries
-----------------------------  -----  ---------  --------  ----------  --------------  -------------------  ----------------------
/opt/airflow/dags/test_dag.py                           1           0  0.20s           2025-02-18T17:07:52                      12
================================================================================
[2025-02-18T17:08:23.323+0000] {manager.py:997} INFO - 
================================================================================
DAG File Processing Stats

File Path                      PID    Runtime      # DAGs    # Errors  Last Runtime    Last Run               Last # of DB Queries
-----------------------------  -----  ---------  --------  ----------  --------------  -------------------  ----------------------
/opt/airflow/dags/test_dag.py                           1           0  0.20s           2025-02-18T17:08:23                      12
================================================================================
[2025-02-18T17:08:53.751+0000] {manager.py:997} INFO - 
================================================================================
DAG File Processing Stats

File Path                      PID    Runtime      # DAGs    # Errors  Last Runtime    Last Run               Last # of DB Queries
-----------------------------  -----  ---------  --------  ----------  --------------  -------------------  ----------------------
/opt/airflow/dags/test_dag.py                           1           0  0.20s           2025-02-18T17:08:53                      12
================================================================================
[2025-02-18T17:09:09.121+0000] {manager.py:821} INFO - Searching for files in /opt/airflow/dags
[2025-02-18T17:09:09.140+0000] {manager.py:824} INFO - There are 1 files in /opt/airflow/dags
[2025-02-18T17:09:24.179+0000] {manager.py:997} INFO - 
================================================================================
DAG File Processing Stats

File Path                      PID    Runtime      # DAGs    # Errors  Last Runtime    Last Run               Last # of DB Queries
-----------------------------  -----  ---------  --------  ----------  --------------  -------------------  ----------------------
/opt/airflow/dags/test_dag.py                           1           0  0.20s           2025-02-18T17:09:24                      12
================================================================================
[2025-02-18T17:09:54.643+0000] {manager.py:997} INFO - 
================================================================================
DAG File Processing Stats

File Path                      PID    Runtime      # DAGs    # Errors  Last Runtime    Last Run               Last # of DB Queries
-----------------------------  -----  ---------  --------  ----------  --------------  -------------------  ----------------------
/opt/airflow/dags/test_dag.py                           1           0  0.20s           2025-02-18T17:09:54                      12
================================================================================
[2025-02-18T17:10:25.081+0000] {manager.py:997} INFO - 
================================================================================
DAG File Processing Stats

File Path                      PID    Runtime      # DAGs    # Errors  Last Runtime    Last Run               Last # of DB Queries
-----------------------------  -----  ---------  --------  ----------  --------------  -------------------  ----------------------
/opt/airflow/dags/test_dag.py                           1           0  0.20s           2025-02-18T17:10:25                      12
================================================================================
[2025-02-18T17:10:55.525+0000] {manager.py:997} INFO - 
================================================================================
DAG File Processing Stats

File Path                      PID    Runtime      # DAGs    # Errors  Last Runtime    Last Run               Last # of DB Queries
-----------------------------  -----  ---------  --------  ----------  --------------  -------------------  ----------------------
/opt/airflow/dags/test_dag.py                           1           0  0.20s           2025-02-18T17:10:55                      12
================================================================================
[2025-02-18T17:11:25.807+0000] {manager.py:997} INFO - 
================================================================================
DAG File Processing Stats

File Path                      PID    Runtime      # DAGs    # Errors  Last Runtime    Last Run               Last # of DB Queries
-----------------------------  -----  ---------  --------  ----------  --------------  -------------------  ----------------------
/opt/airflow/dags/test_dag.py                           1           0  0.20s           2025-02-18T17:11:25                      12
================================================================================
